<?xml version="1.0" encoding="UTF-8"?>
<testng-results skipped="0" failed="0" ignored="0" total="11" passed="11">
  <reporter-output>
  </reporter-output>
  <suite name="Default suite" duration-ms="144887" started-at="2020-11-16T00:50:50 EST" finished-at="2020-11-16T00:53:15 EST">
    <groups>
    </groups>
    <test name="Default test" duration-ms="144887" started-at="2020-11-16T00:50:50 EST" finished-at="2020-11-16T00:53:15 EST">
      <class name="combyne_LoginFunctionality.LoginScripts">
        <test-method status="PASS" signature="test1()[pri:0, instance:combyne_LoginFunctionality.LoginScripts@4f970963]" name="test1" duration-ms="13434" started-at="2020-11-16T00:50:50 EST" finished-at="2020-11-16T00:51:03 EST">
          <reporter-output>
          </reporter-output>
        </test-method> <!-- test1 -->
        <test-method status="PASS" signature="test2()[pri:1, instance:combyne_LoginFunctionality.LoginScripts@4f970963]" name="test2" duration-ms="12902" started-at="2020-11-16T00:51:03 EST" finished-at="2020-11-16T00:51:16 EST">
          <reporter-output>
          </reporter-output>
        </test-method> <!-- test2 -->
        <test-method status="PASS" signature="test4()[pri:2, instance:combyne_LoginFunctionality.LoginScripts@4f970963]" name="test4" duration-ms="12940" started-at="2020-11-16T00:51:16 EST" finished-at="2020-11-16T00:51:29 EST">
          <reporter-output>
          </reporter-output>
        </test-method> <!-- test4 -->
        <test-method status="PASS" signature="test5()[pri:3, instance:combyne_LoginFunctionality.LoginScripts@4f970963]" name="test5" duration-ms="12003" started-at="2020-11-16T00:51:29 EST" finished-at="2020-11-16T00:51:41 EST">
          <reporter-output>
          </reporter-output>
        </test-method> <!-- test5 -->
        <test-method status="PASS" signature="test6()[pri:4, instance:combyne_LoginFunctionality.LoginScripts@4f970963]" name="test6" duration-ms="12914" started-at="2020-11-16T00:51:41 EST" finished-at="2020-11-16T00:51:54 EST">
          <reporter-output>
          </reporter-output>
        </test-method> <!-- test6 -->
        <test-method status="PASS" signature="test8()[pri:5, instance:combyne_LoginFunctionality.LoginScripts@4f970963]" name="test8" duration-ms="20383" started-at="2020-11-16T00:51:54 EST" finished-at="2020-11-16T00:52:15 EST">
          <reporter-output>
          </reporter-output>
        </test-method> <!-- test8 -->
        <test-method status="PASS" signature="test9()[pri:6, instance:combyne_LoginFunctionality.LoginScripts@4f970963]" name="test9" duration-ms="12406" started-at="2020-11-16T00:52:15 EST" finished-at="2020-11-16T00:52:27 EST">
          <reporter-output>
          </reporter-output>
        </test-method> <!-- test9 -->
        <test-method status="PASS" signature="test10()[pri:7, instance:combyne_LoginFunctionality.LoginScripts@4f970963]" name="test10" duration-ms="10146" started-at="2020-11-16T00:52:27 EST" finished-at="2020-11-16T00:52:37 EST">
          <reporter-output>
          </reporter-output>
        </test-method> <!-- test10 -->
        <test-method status="PASS" signature="test11()[pri:8, instance:combyne_LoginFunctionality.LoginScripts@4f970963]" name="test11" duration-ms="12689" started-at="2020-11-16T00:52:37 EST" finished-at="2020-11-16T00:52:50 EST">
          <reporter-output>
          </reporter-output>
        </test-method> <!-- test11 -->
        <test-method status="PASS" signature="test12()[pri:9, instance:combyne_LoginFunctionality.LoginScripts@4f970963]" name="test12" duration-ms="12446" started-at="2020-11-16T00:52:50 EST" finished-at="2020-11-16T00:53:02 EST">
          <reporter-output>
          </reporter-output>
        </test-method> <!-- test12 -->
        <test-method status="PASS" signature="test16()[pri:10, instance:combyne_LoginFunctionality.LoginScripts@4f970963]" name="test16" duration-ms="12538" started-at="2020-11-16T00:53:02 EST" finished-at="2020-11-16T00:53:15 EST">
          <reporter-output>
          </reporter-output>
        </test-method> <!-- test16 -->
      </class> <!-- combyne_LoginFunctionality.LoginScripts -->
    </test> <!-- Default test -->
  </suite> <!-- Default suite -->
</testng-results>
